{"/home/nacho/Projects/legendPrototype/components/Chart.tsx": {"path":"/home/nacho/Projects/legendPrototype/components/Chart.tsx","statementMap":{"0":{"start":{"line":1,"column":0},"end":{"line":1,"column":26}},"1":{"start":{"line":2,"column":0},"end":{"line":2,"column":40}},"2":{"start":{"line":3,"column":0},"end":{"line":3,"column":30}},"3":{"start":{"line":4,"column":0},"end":{"line":4,"column":51}},"4":{"start":{"line":6,"column":0},"end":{"line":6,"column":67}},"5":{"start":{"line":7,"column":0},"end":{"line":7,"column":44}},"6":{"start":{"line":14,"column":14},"end":{"line":54,"column":1}},"7":{"start":{"line":15,"column":15},"end":{"line":15,"column":30}},"8":{"start":{"line":16,"column":17},"end":{"line":16,"column":28}},"9":{"start":{"line":18,"column":2},"end":{"line":20,"column":null}},"10":{"start":{"line":19,"column":4},"end":{"line":19,"column":16}},"11":{"start":{"line":22,"column":25},"end":{"line":22,"column":58}},"12":{"start":{"line":28,"column":17},"end":{"line":42,"column":3}},"13":{"start":{"line":29,"column":18},"end":{"line":29,"column":22}},"14":{"start":{"line":33,"column":4},"end":{"line":35,"column":31}},"15":{"start":{"line":34,"column":6},"end":{"line":34,"column":58}},"16":{"start":{"line":37,"column":4},"end":{"line":41,"column":6}},"17":{"start":{"line":44,"column":2},"end":{"line":53,"column":4}},"18":{"start":{"line":56,"column":0},"end":{"line":56,"column":21}}},"fnMap":{"0":{"name":"(anonymous_1)","decl":{"start":{"line":14,"column":14},"end":{"line":14,"column":15}},"loc":{"start":{"line":14,"column":52},"end":{"line":54,"column":1}}},"1":{"name":"(anonymous_2)","decl":{"start":{"line":28,"column":17},"end":{"line":28,"column":26}},"loc":{"start":{"line":28,"column":28},"end":{"line":42,"column":3}}}},"branchMap":{"0":{"loc":{"start":{"line":18,"column":2},"end":{"line":20,"column":null}},"type":"if","locations":[{"start":{"line":18,"column":2},"end":{"line":20,"column":null}},{"start":{"line":18,"column":2},"end":{"line":20,"column":null}}]}},"s":{"0":4,"1":4,"2":4,"3":4,"4":4,"5":4,"6":4,"7":5,"8":5,"9":5,"10":1,"11":4,"12":4,"13":1,"14":1,"15":1,"16":1,"17":4,"18":4},"f":{"0":5,"1":1},"b":{"0":[1,4]}}
,"/home/nacho/Projects/legendPrototype/components/Filter.tsx": {"path":"/home/nacho/Projects/legendPrototype/components/Filter.tsx","statementMap":{"0":{"start":{"line":1,"column":0},"end":{"line":1,"column":26}},"1":{"start":{"line":7,"column":15},"end":{"line":27,"column":null}},"2":{"start":{"line":8,"column":2},"end":{"line":26,"column":null}},"3":{"start":{"line":30,"column":0},"end":{"line":30,"column":22}}},"fnMap":{"0":{"name":"(anonymous_1)","decl":{"start":{"line":7,"column":15},"end":{"line":7,"column":31}},"loc":{"start":{"line":8,"column":2},"end":{"line":26,"column":null}}}},"branchMap":{},"s":{"0":4,"1":4,"2":4,"3":4},"f":{"0":4},"b":{}}
,"/home/nacho/Projects/legendPrototype/components/InterestPoint.tsx": {"path":"/home/nacho/Projects/legendPrototype/components/InterestPoint.tsx","statementMap":{"0":{"start":{"line":1,"column":0},"end":{"line":1,"column":26}},"1":{"start":{"line":9,"column":22},"end":{"line":20,"column":null}},"2":{"start":{"line":10,"column":2},"end":{"line":19,"column":null}},"3":{"start":{"line":23,"column":0},"end":{"line":23,"column":29}}},"fnMap":{"0":{"name":"(anonymous_1)","decl":{"start":{"line":9,"column":22},"end":{"line":9,"column":23}},"loc":{"start":{"line":10,"column":2},"end":{"line":19,"column":null}}}},"branchMap":{},"s":{"0":4,"1":4,"2":96,"3":4},"f":{"0":96},"b":{}}
,"/home/nacho/Projects/legendPrototype/hooks/useWindowSize.ts": {"path":"/home/nacho/Projects/legendPrototype/hooks/useWindowSize.ts","statementMap":{"0":{"start":{"line":1,"column":0},"end":{"line":1,"column":44}},"1":{"start":{"line":2,"column":0},"end":{"line":2,"column":41}},"2":{"start":{"line":24,"column":22},"end":{"line":60,"column":1}},"3":{"start":{"line":25,"column":17},"end":{"line":25,"column":27}},"4":{"start":{"line":32,"column":18},"end":{"line":35,"column":4}},"5":{"start":{"line":32,"column":31},"end":{"line":35,"column":4}},"6":{"start":{"line":40,"column":38},"end":{"line":40,"column":63}},"7":{"start":{"line":49,"column":2},"end":{"line":57,"column":9}},"8":{"start":{"line":50,"column":25},"end":{"line":52,"column":5}},"9":{"start":{"line":51,"column":6},"end":{"line":51,"column":31}},"10":{"start":{"line":54,"column":4},"end":{"line":54,"column":52}},"11":{"start":{"line":55,"column":4},"end":{"line":55,"column":19}},"12":{"start":{"line":56,"column":4},"end":{"line":56,"column":74}},"13":{"start":{"line":56,"column":23},"end":{"line":56,"column":73}},"14":{"start":{"line":59,"column":2},"end":{"line":59,"column":20}},"15":{"start":{"line":62,"column":0},"end":{"line":62,"column":29}}},"fnMap":{"0":{"name":"(anonymous_1)","decl":{"start":{"line":24,"column":22},"end":{"line":24,"column":31}},"loc":{"start":{"line":24,"column":33},"end":{"line":60,"column":1}}},"1":{"name":"(anonymous_2)","decl":{"start":{"line":32,"column":18},"end":{"line":32,"column":27}},"loc":{"start":{"line":32,"column":31},"end":{"line":35,"column":4}}},"2":{"name":"(anonymous_3)","decl":{"start":{"line":49,"column":12},"end":{"line":49,"column":15}},"loc":{"start":{"line":49,"column":17},"end":{"line":57,"column":3}}},"3":{"name":"(anonymous_4)","decl":{"start":{"line":50,"column":25},"end":{"line":50,"column":34}},"loc":{"start":{"line":50,"column":36},"end":{"line":52,"column":5}}},"4":{"name":"(anonymous_5)","decl":{"start":{"line":56,"column":11},"end":{"line":56,"column":20}},"loc":{"start":{"line":56,"column":23},"end":{"line":56,"column":73}}}},"branchMap":{"0":{"loc":{"start":{"line":33,"column":20},"end":{"line":33,"column":37}},"type":"cond-expr","locations":[{"start":{"line":33,"column":20},"end":{"line":33,"column":37}},{"start":{"line":33,"column":40},"end":{"line":33,"column":41}}]},"1":{"loc":{"start":{"line":34,"column":21},"end":{"line":34,"column":39}},"type":"cond-expr","locations":[{"start":{"line":34,"column":21},"end":{"line":34,"column":39}},{"start":{"line":34,"column":42},"end":{"line":34,"column":43}}]}},"s":{"0":4,"1":4,"2":4,"3":5,"4":5,"5":7,"6":5,"7":5,"8":2,"9":2,"10":2,"11":2,"12":2,"13":1,"14":5,"15":4},"f":{"0":5,"1":7,"2":2,"3":2,"4":1},"b":{"0":[6,1],"1":[6,1]}}
,"/home/nacho/Projects/legendPrototype/pages/index.tsx": {"path":"/home/nacho/Projects/legendPrototype/pages/index.tsx","statementMap":{"0":{"start":{"line":1,"column":0},"end":{"line":1,"column":41}},"1":{"start":{"line":2,"column":0},"end":{"line":2,"column":40}},"2":{"start":{"line":3,"column":0},"end":{"line":3,"column":29}},"3":{"start":{"line":8,"column":0},"end":{"line":21,"column":2}},"4":{"start":{"line":9,"column":17},"end":{"line":9,"column":28}},"5":{"start":{"line":10,"column":2},"end":{"line":12,"column":9}},"6":{"start":{"line":11,"column":4},"end":{"line":11,"column":null}},"7":{"start":{"line":13,"column":2},"end":{"line":20,"column":4}}},"fnMap":{"0":{"name":"(anonymous_2)","decl":{"start":{"line":8,"column":15},"end":{"line":8,"column":31}},"loc":{"start":{"line":8,"column":33},"end":{"line":21,"column":1}}},"1":{"name":"(anonymous_3)","decl":{"start":{"line":10,"column":12},"end":{"line":10,"column":15}},"loc":{"start":{"line":10,"column":17},"end":{"line":12,"column":3}}}},"branchMap":{},"s":{"0":1,"1":1,"2":1,"3":1,"4":1,"5":1,"6":1,"7":1},"f":{"0":1,"1":1},"b":{}}
,"/home/nacho/Projects/legendPrototype/pages/sample/[seed].tsx": {"path":"/home/nacho/Projects/legendPrototype/pages/sample/[seed].tsx","statementMap":{"0":{"start":{"line":1,"column":0},"end":{"line":1,"column":26}},"1":{"start":{"line":2,"column":0},"end":{"line":2,"column":29}},"2":{"start":{"line":3,"column":0},"end":{"line":3,"column":40}},"3":{"start":{"line":4,"column":0},"end":{"line":4,"column":43}},"4":{"start":{"line":10,"column":17},"end":{"line":27,"column":1}},"5":{"start":{"line":11,"column":17},"end":{"line":11,"column":28}},"6":{"start":{"line":12,"column":2},"end":{"line":17,"column":null}},"7":{"start":{"line":16,"column":4},"end":{"line":16,"column":16}},"8":{"start":{"line":18,"column":2},"end":{"line":26,"column":4}},"9":{"start":{"line":29,"column":0},"end":{"line":29,"column":24}}},"fnMap":{"0":{"name":"(anonymous_1)","decl":{"start":{"line":10,"column":17},"end":{"line":10,"column":33}},"loc":{"start":{"line":10,"column":35},"end":{"line":27,"column":1}}}},"branchMap":{"0":{"loc":{"start":{"line":12,"column":2},"end":{"line":17,"column":null}},"type":"if","locations":[{"start":{"line":12,"column":2},"end":{"line":17,"column":null}},{"start":{"line":12,"column":2},"end":{"line":17,"column":null}}]}},"s":{"0":4,"1":4,"2":4,"3":4,"4":4,"5":4,"6":4,"7":1,"8":3,"9":4},"f":{"0":4},"b":{"0":[1,3]}}
,"/home/nacho/Projects/legendPrototype/test/mocks/mockNextUseRouter.ts": {"path":"/home/nacho/Projects/legendPrototype/test/mocks/mockNextUseRouter.ts","statementMap":{"0":{"start":{"line":2,"column":18},"end":{"line":2,"column":65}},"1":{"start":{"line":9,"column":26},"end":{"line":19,"column":1}},"2":{"start":{"line":16,"column":2},"end":{"line":18,"column":6}},"3":{"start":{"line":16,"column":38},"end":{"line":18,"column":4}},"4":{"start":{"line":21,"column":0},"end":{"line":21,"column":33}}},"fnMap":{"0":{"name":"(anonymous_0)","decl":{"start":{"line":9,"column":26},"end":{"line":9,"column":27}},"loc":{"start":{"line":15,"column":11},"end":{"line":19,"column":1}}},"1":{"name":"(anonymous_1)","decl":{"start":{"line":16,"column":31},"end":{"line":16,"column":34}},"loc":{"start":{"line":16,"column":38},"end":{"line":18,"column":4}}}},"branchMap":{},"s":{"0":5,"1":5,"2":5,"3":10,"4":5},"f":{"0":5,"1":10},"b":{}}
,"/home/nacho/Projects/legendPrototype/utils/generateRandomLegends.ts": {"path":"/home/nacho/Projects/legendPrototype/utils/generateRandomLegends.ts","statementMap":{"0":{"start":{"line":1,"column":0},"end":{"line":1,"column":30}},"1":{"start":{"line":2,"column":0},"end":{"line":2,"column":41}},"2":{"start":{"line":7,"column":18},"end":{"line":7,"column":20}},"3":{"start":{"line":10,"column":18},"end":{"line":10,"column":20}},"4":{"start":{"line":17,"column":30},"end":{"line":42,"column":1}},"5":{"start":{"line":20,"column":17},"end":{"line":20,"column":33}},"6":{"start":{"line":23,"column":22},"end":{"line":23,"column":61}},"7":{"start":{"line":26,"column":25},"end":{"line":39,"column":7}},"8":{"start":{"line":28,"column":16},"end":{"line":39,"column":6}},"9":{"start":{"line":41,"column":2},"end":{"line":41,"column":24}},"10":{"start":{"line":44,"column":0},"end":{"line":44,"column":37}}},"fnMap":{"0":{"name":"(anonymous_1)","decl":{"start":{"line":17,"column":30},"end":{"line":17,"column":31}},"loc":{"start":{"line":17,"column":72},"end":{"line":42,"column":1}}},"1":{"name":"(anonymous_2)","decl":{"start":{"line":28,"column":9},"end":{"line":28,"column":12}},"loc":{"start":{"line":28,"column":16},"end":{"line":39,"column":6}}}},"branchMap":{},"s":{"0":5,"1":5,"2":5,"3":5,"4":5,"5":5,"6":5,"7":5,"8":118,"9":5,"10":5},"f":{"0":5,"1":118},"b":{}}
,"/home/nacho/Projects/legendPrototype/utils/isClient.ts": {"path":"/home/nacho/Projects/legendPrototype/utils/isClient.ts","statementMap":{"0":{"start":{"line":1,"column":28},"end":{"line":1,"column":33}},"1":{"start":{"line":7,"column":13},"end":{"line":9,"column":2}},"2":{"start":{"line":8,"column":2},"end":{"line":8,"column":32}},"3":{"start":{"line":14,"column":17},"end":{"line":19,"column":1}},"4":{"start":{"line":15,"column":2},"end":{"line":17,"column":null}},"5":{"start":{"line":16,"column":4},"end":{"line":16,"column":17}},"6":{"start":{"line":18,"column":2},"end":{"line":18,"column":36}},"7":{"start":{"line":21,"column":0},"end":{"line":21,"column":24}}},"fnMap":{"0":{"name":"(anonymous_0)","decl":{"start":{"line":7,"column":40},"end":{"line":7,"column":41}},"loc":{"start":{"line":7,"column":65},"end":{"line":9,"column":1}}},"1":{"name":"(anonymous_1)","decl":{"start":{"line":14,"column":17},"end":{"line":14,"column":29}},"loc":{"start":{"line":14,"column":31},"end":{"line":19,"column":1}}}},"branchMap":{"0":{"loc":{"start":{"line":15,"column":2},"end":{"line":17,"column":null}},"type":"if","locations":[{"start":{"line":15,"column":2},"end":{"line":17,"column":null}},{"start":{"line":15,"column":2},"end":{"line":17,"column":null}}]}},"s":{"0":4,"1":4,"2":2,"3":4,"4":5,"5":1,"6":4,"7":4},"f":{"0":2,"1":5},"b":{"0":[1,4]}}
}
